<?xml version="1.0" encoding="UTF-8"?>
<!-- Generated by org.testng.reporters.JUnitReportReporter -->
<testsuite hostname="LAPTOP-AFSAN" failures="0" tests="1" name="com.TestCases.ProductNServicesPageTest" time="0.000" errors="0" timestamp="15 Mar 2019 04:20:29 GMT" skipped="1">
  <testcase classname="com.TestCases.ProductNServicesPageTest" name="CreateNewOrder" time="0.000">
    <skipped/>
  </testcase> <!-- CreateNewOrder -->
</testsuite> <!-- com.TestCases.ProductNServicesPageTest -->
