<?xml version="1.0" encoding="UTF-8"?>
<!-- Generated by org.testng.reporters.JUnitReportReporter -->
<testsuite hostname="LAPTOP-AFSAN" failures="0" tests="5" name="com.TestCases.LoginPageTest" time="35.463" errors="0" timestamp="13 Mar 2019 05:59:55 GMT" skipped="0">
  <testcase classname="com.TestCases.LoginPageTest" name="VerifyLogoofthePage" time="5.649"/>
  <testcase classname="com.TestCases.LoginPageTest" name="VerifyTitleofThePage" time="6.832"/>
  <testcase classname="com.TestCases.LoginPageTest" name="VerifyLoginPage" time="7.998"/>
  <testcase classname="com.TestCases.LoginPageTest" name="VerifyErrorMessage" time="6.993"/>
  <testcase classname="com.TestCases.LoginPageTest" name="VerifyHomePage" time="7.991"/>
</testsuite> <!-- com.TestCases.LoginPageTest -->
